TN:
SF:src\components\Form\Button\index.tsx
FN:11,Button
FNF:1
FNH:1
FNDA:4,Button
DA:12,4
LF:1
LH:1
BRF:0
BRH:0
end_of_record
TN:
SF:src\components\Form\CategorySelectButton\index.tsx
FN:10,CategorySelectButton
FNF:1
FNH:1
FNDA:2,CategorySelectButton
DA:11,2
LF:1
LH:1
BRF:0
BRH:0
end_of_record
TN:
SF:src\components\Form\Input\index.tsx
FN:10,Input
FNF:1
FNH:1
FNDA:5,Input
DA:11,5
LF:1
LH:1
BRDA:10,0,0,4
BRF:1
BRH:1
end_of_record
TN:
SF:src\components\Form\InputForm\index.tsx
FN:15,InputForm
FN:20,(anonymous_1)
FNF:2
FNH:2
FNDA:4,InputForm
FNDA:4,(anonymous_1)
DA:16,4
DA:21,4
LF:2
LH:2
BRDA:25,0,0,4
BRDA:25,0,1,0
BRF:2
BRH:1
end_of_record
TN:
SF:src\components\Form\TransactionTypeButton\index.tsx
FN:16,TransactionTypeButton
FNF:1
FNH:1
FNDA:4,TransactionTypeButton
DA:5,1
DA:22,4
LF:2
LH:2
BRF:0
BRH:0
end_of_record
TN:
SF:src\components\HighlightedCard\index.tsx
FN:26,(anonymous_0)
FNF:1
FNH:0
FNDA:0,(anonymous_0)
DA:20,0
DA:26,0
DA:32,0
LF:3
LH:0
BRF:0
BRH:0
end_of_record
TN:
SF:src\components\HistoryCard\index.tsx
FN:11,HistoryCard
FNF:1
FNH:0
FNDA:0,HistoryCard
DA:12,0
LF:1
LH:0
BRF:0
BRH:0
end_of_record
TN:
SF:src\components\SignInSocialButton\index.tsx
FN:12,SignInSocialButton
FNF:1
FNH:0
FNDA:0,SignInSocialButton
DA:13,0
LF:1
LH:0
BRF:0
BRH:0
end_of_record
TN:
SF:src\components\TransactionCard\index.tsx
FN:27,TransactionCard
FN:28,(anonymous_1)
FNF:2
FNH:0
FNDA:0,TransactionCard
FNDA:0,(anonymous_1)
DA:28,0
DA:30,0
LF:2
LH:0
BRDA:34,0,0,0
BRDA:34,0,1,0
BRF:2
BRH:0
end_of_record
TN:
SF:src\hooks\auth.tsx
FN:45,AuthProvider
FN:51,signInWithGoogle
FN:84,signInWithApple
FN:109,signOut
FN:114,(anonymous_4)
FN:115,loadStoredUserData
FN:144,useAuth
FNF:7
FNH:5
FNDA:5,AuthProvider
FNDA:2,signInWithGoogle
FNDA:0,signInWithApple
FNDA:0,signOut
FNDA:2,(anonymous_4)
FNDA:2,loadStoredUserData
FNDA:7,useAuth
DA:11,2
DA:12,2
DA:43,2
DA:46,5
DA:47,5
DA:49,5
DA:52,2
DA:53,2
DA:54,2
DA:55,2
DA:57,2
DA:61,2
DA:62,1
DA:66,1
DA:67,1
DA:74,1
DA:75,1
DA:80,0
DA:85,0
DA:86,0
DA:93,0
DA:94,0
DA:95,0
DA:101,0
DA:102,0
DA:105,0
DA:110,0
DA:111,0
DA:114,5
DA:116,2
DA:118,2
DA:119,0
DA:120,0
DA:123,2
DA:126,2
DA:129,5
DA:145,7
LF:37
LH:24
BRDA:61,0,0,1
BRDA:61,0,1,1
BRDA:93,1,0,0
BRDA:93,1,1,0
BRDA:118,2,0,0
BRDA:118,2,1,2
BRF:6
BRH:3
end_of_record
TN:
SF:src\routes\app.routes.tsx
FN:13,AppRoutes
FN:32,(anonymous_1)
FN:45,(anonymous_2)
FN:54,(anonymous_3)
FNF:4
FNH:0
FNDA:0,AppRoutes
FNDA:0,(anonymous_1)
FNDA:0,(anonymous_2)
FNDA:0,(anonymous_3)
DA:11,0
DA:14,0
DA:15,0
DA:33,0
DA:46,0
DA:55,0
LF:6
LH:0
BRDA:24,0,0,0
BRDA:24,0,1,0
BRF:2
BRH:0
end_of_record
TN:
SF:src\routes\auth.routes.tsx
FN:8,AuthRoutes
FNF:1
FNH:0
FNDA:0,AuthRoutes
DA:6,0
DA:9,0
LF:2
LH:0
BRF:0
BRH:0
end_of_record
TN:
SF:src\routes\index.tsx
FN:9,Routes
FNF:1
FNH:0
FNDA:0,Routes
DA:10,0
DA:12,0
LF:2
LH:0
BRDA:14,0,0,0
BRDA:14,0,1,0
BRF:2
BRH:0
end_of_record
TN:
SF:src\screens\CategorySelect\index.tsx
FN:30,CategorySelect
FN:35,handleCategorySelect
FN:50,(anonymous_2)
FN:51,(anonymous_3)
FN:53,(anonymous_4)
FN:60,(anonymous_5)
FNF:6
FNH:4
FNDA:2,CategorySelect
FNDA:0,handleCategorySelect
FNDA:12,(anonymous_2)
FNDA:12,(anonymous_3)
FNDA:0,(anonymous_4)
FNDA:10,(anonymous_5)
DA:36,0
DA:39,2
DA:50,12
DA:52,12
DA:53,0
DA:60,10
LF:6
LH:4
BRF:0
BRH:0
end_of_record
TN:
SF:src\screens\Dashboard\index.tsx
FN:51,(anonymous_0)
FN:63,getLastTransactionDate
FN:64,(anonymous_2)
FN:76,(anonymous_3)
FN:98,loadTransactions
FN:107,(anonymous_5)
FN:154,(anonymous_6)
FN:221,(anonymous_7)
FN:222,(anonymous_8)
FNF:9
FNH:0
FNDA:0,(anonymous_0)
FNDA:0,getLastTransactionDate
FNDA:0,(anonymous_2)
FNDA:0,(anonymous_3)
FNDA:0,loadTransactions
FNDA:0,(anonymous_5)
FNDA:0,(anonymous_6)
FNDA:0,(anonymous_7)
FNDA:0,(anonymous_8)
DA:51,0
DA:52,0
DA:53,0
DA:55,0
DA:56,0
DA:57,0
DA:61,0
DA:64,0
DA:65,0
DA:70,0
DA:71,0
DA:74,0
DA:77,0
DA:78,0
DA:90,0
DA:99,0
DA:100,0
DA:101,0
DA:103,0
DA:104,0
DA:106,0
DA:108,0
DA:112,0
DA:114,0
DA:116,0
DA:126,0
DA:127,0
DA:128,0
DA:130,0
DA:134,0
DA:136,0
DA:150,0
DA:153,0
DA:155,0
DA:159,0
DA:221,0
DA:222,0
LF:37
LH:0
BRDA:65,0,0,0
BRDA:65,0,1,0
BRDA:70,1,0,0
BRDA:70,1,1,0
BRDA:101,2,0,0
BRDA:101,2,1,0
BRDA:108,3,0,0
BRDA:108,3,1,0
BRDA:130,4,0,0
BRDA:130,4,1,0
BRDA:130,5,0,0
BRDA:130,5,1,0
BRDA:130,5,2,0
BRDA:139,6,0,0
BRDA:139,6,1,0
BRDA:143,7,0,0
BRDA:143,7,1,0
BRDA:147,8,0,0
BRDA:147,8,1,0
BRDA:161,9,0,0
BRDA:161,9,1,0
BRDA:191,10,0,0
BRDA:191,10,1,0
BRDA:201,11,0,0
BRDA:201,11,1,0
BRDA:211,12,0,0
BRDA:211,12,1,0
BRF:27
BRH:0
end_of_record
TN:
SF:src\screens\Profile\index.tsx
FN:4,Profile
FN:20,(anonymous_1)
FNF:2
FNH:1
FNDA:3,Profile
FNDA:0,(anonymous_1)
DA:5,3
LF:1
LH:1
BRF:0
BRH:0
end_of_record
TN:
SF:src\screens\Register\index.tsx
FN:41,Register
FN:61,handleTransactionTypeSelection
FN:65,handleOpenSelectCategoryModal
FN:69,handleCloseSelectCategoryModal
FN:73,handleRegister
FN:136,(anonymous_5)
FN:142,(anonymous_6)
FNF:7
FNH:2
FNDA:2,Register
FNDA:0,handleTransactionTypeSelection
FNDA:1,handleOpenSelectCategoryModal
FNDA:0,handleCloseSelectCategoryModal
FNDA:0,handleRegister
FNDA:0,(anonymous_5)
FNDA:0,(anonymous_6)
DA:33,1
DA:42,2
DA:47,2
DA:49,2
DA:56,2
DA:58,2
DA:59,2
DA:62,0
DA:66,1
DA:70,0
DA:74,0
DA:75,0
DA:77,0
DA:78,0
DA:80,0
DA:89,0
DA:90,0
DA:91,0
DA:93,0
DA:95,0
DA:97,0
DA:99,0
DA:101,0
DA:103,0
DA:104,0
DA:108,2
DA:136,0
DA:142,0
LF:28
LH:9
BRDA:75,0,0,0
BRDA:75,0,1,0
BRDA:77,1,0,0
BRDA:77,1,1,0
BRDA:91,2,0,0
BRDA:91,2,1,0
BRDA:122,3,0,2
BRDA:122,3,1,0
BRDA:129,4,0,2
BRDA:129,4,1,0
BRF:10
BRH:2
end_of_record
TN:
SF:src\screens\Resume\index.tsx
FN:46,Resume
FN:57,handleDateChange
FN:65,loadData
FN:73,(anonymous_3)
FN:80,(anonymous_4)
FN:88,(anonymous_5)
FN:90,(anonymous_6)
FN:119,(anonymous_7)
FN:142,(anonymous_8)
FN:150,(anonymous_9)
FN:157,(anonymous_10)
FN:170,(anonymous_11)
FNF:12
FNH:0
FNDA:0,Resume
FNDA:0,handleDateChange
FNDA:0,loadData
FNDA:0,(anonymous_3)
FNDA:0,(anonymous_4)
FNDA:0,(anonymous_5)
FNDA:0,(anonymous_6)
FNDA:0,(anonymous_7)
FNDA:0,(anonymous_8)
FNDA:0,(anonymous_9)
FNDA:0,(anonymous_10)
FNDA:0,(anonymous_11)
DA:47,0
DA:48,0
DA:49,0
DA:53,0
DA:55,0
DA:58,0
DA:59,0
DA:61,0
DA:66,0
DA:67,0
DA:68,0
DA:69,0
DA:72,0
DA:74,0
DA:79,0
DA:81,0
DA:86,0
DA:88,0
DA:89,0
DA:90,0
DA:91,0
DA:92,0
DA:96,0
DA:97,0
DA:102,0
DA:104,0
DA:114,0
DA:115,0
DA:118,0
DA:120,0
DA:124,0
DA:142,0
DA:150,0
DA:157,0
DA:171,0
LF:35
LH:0
BRDA:58,0,0,0
BRDA:58,0,1,0
BRDA:69,1,0,0
BRDA:69,1,1,0
BRDA:74,2,0,0
BRDA:74,2,1,0
BRDA:74,2,2,0
BRDA:91,3,0,0
BRDA:91,3,1,0
BRDA:96,4,0,0
BRDA:96,4,1,0
BRDA:129,5,0,0
BRDA:129,5,1,0
BRF:13
BRH:0
end_of_record
TN:
SF:src\screens\SignIn\index.tsx
FN:24,SignIn
FN:29,handleSignInWithGoogle
FN:40,handleSignInWithApple
FNF:3
FNH:0
FNDA:0,SignIn
FNDA:0,handleSignInWithGoogle
FNDA:0,handleSignInWithApple
DA:25,0
DA:26,0
DA:27,0
DA:30,0
DA:31,0
DA:32,0
DA:34,0
DA:35,0
DA:37,0
DA:41,0
DA:42,0
DA:43,0
DA:45,0
DA:46,0
DA:48,0
DA:51,0
LF:16
LH:0
BRDA:74,0,0,0
BRDA:74,0,1,0
BRDA:82,1,0,0
BRDA:82,1,1,0
BRF:4
BRH:0
end_of_record
